SF:lib/types/language_choose.dart
DA:22,10
DA:24,5
DA:25,4
DA:27,4
DA:29,2
DA:30,2
DA:32,2
DA:33,14
LF:8
LH:8
end_of_record
SF:lib/base/app_bottom_sheet.dart
DA:9,0
DA:17,0
DA:19,0
DA:20,0
DA:21,0
DA:22,0
DA:24,0
DA:26,0
DA:27,0
DA:28,0
DA:29,0
DA:33,0
DA:35,0
DA:38,0
DA:39,0
DA:40,0
DA:44,0
DA:45,0
DA:46,0
DA:50,0
DA:52,0
DA:53,0
DA:55,0
DA:57,0
DA:59,0
DA:64,0
DA:75,0
DA:79,0
LF:28
LH:0
end_of_record
SF:lib/base/base_block.dart
DA:14,9
DA:30,9
DA:32,9
DA:33,36
DA:34,27
DA:35,9
DA:36,26
DA:37,6
DA:38,6
DA:43,9
DA:45,27
DA:46,18
DA:47,18
DA:48,9
DA:51,0
DA:52,0
DA:55,5
DA:56,5
DA:57,5
DA:58,1
DA:59,1
DA:60,1
DA:64,4
DA:66,8
DA:68,9
DA:69,9
DA:70,20
DA:71,3
DA:73,5
DA:77,3
DA:83,9
DA:84,18
DA:85,18
DA:86,9
DA:90,9
DA:97,5
DA:99,5
DA:100,15
DA:102,0
DA:103,0
DA:107,10
DA:109,5
DA:120,0
DA:134,0
DA:135,0
DA:136,0
DA:137,0
DA:138,0
DA:139,0
DA:143,2
DA:144,4
DA:145,2
DA:146,10
DA:147,8
DA:149,2
DA:151,4
DA:152,5
DA:156,9
DA:158,18
DA:160,9
DA:162,9
DA:163,9
DA:165,9
DA:167,9
DA:168,9
DA:171,9
DA:172,9
DA:173,9
DA:175,9
DA:177,9
DA:181,9
DA:184,9
DA:185,5
DA:186,5
DA:187,5
DA:188,0
DA:189,0
DA:190,0
DA:191,0
DA:195,20
DA:198,9
DA:199,9
DA:201,9
DA:202,2
DA:212,18
LF:85
LH:70
end_of_record
SF:lib/chatbot/chatbot_suggestions.dart
DA:7,2
DA:8,4
DA:9,4
DA:10,6
DA:21,2
DA:27,2
DA:29,2
DA:31,2
DA:34,2
DA:35,2
DA:36,2
DA:37,2
DA:38,4
DA:41,0
DA:42,2
DA:43,2
DA:52,4
DA:53,0
DA:56,0
DA:58,2
DA:68,0
DA:70,0
DA:72,0
DA:78,0
DA:80,0
DA:81,0
DA:87,0
DA:89,0
DA:91,0
DA:94,0
DA:95,0
DA:97,0
DA:98,0
DA:99,0
DA:100,0
DA:107,0
DA:108,0
DA:109,0
DA:113,0
DA:114,0
DA:115,0
LF:41
LH:17
end_of_record
SF:lib/types/chatbot_suggestion.dart
DA:17,1
DA:20,0
LF:2
LH:1
end_of_record
SF:lib/learning_Test/learning_test_block.dart
DA:9,2
DA:19,2
DA:20,2
DA:27,2
DA:30,0
DA:33,1
DA:35,1
DA:36,3
DA:37,7
DA:38,1
DA:39,5
DA:40,3
DA:45,1
DA:46,1
DA:47,2
DA:48,1
DA:49,1
DA:53,1
DA:54,2
DA:55,1
DA:56,1
DA:60,2
DA:61,2
DA:62,4
DA:66,2
DA:69,2
DA:70,2
DA:71,2
DA:72,2
DA:73,10
DA:74,6
DA:75,6
DA:76,4
DA:79,2
DA:81,2
DA:82,2
DA:83,1
DA:86,2
DA:88,2
DA:90,2
DA:91,2
DA:92,2
DA:94,2
DA:96,2
DA:100,2
DA:101,2
DA:103,2
DA:105,2
DA:110,2
DA:111,1
DA:122,4
DA:127,3
DA:129,1
DA:130,1
DA:131,1
DA:132,4
DA:135,4
DA:141,1
DA:142,1
DA:143,4
DA:145,6
DA:146,1
DA:149,4
DA:155,1
DA:156,1
LF:65
LH:64
end_of_record
SF:lib/base/base_conversation_screen.dart
DA:13,5
DA:15,5
DA:16,10
DA:17,5
DA:20,5
DA:22,10
DA:23,5
DA:26,5
DA:27,5
DA:28,10
DA:29,10
DA:32,5
DA:33,2
DA:37,3
DA:38,6
DA:39,3
DA:40,6
DA:41,3
DA:42,9
DA:46,2
DA:47,2
DA:48,6
DA:49,4
DA:50,4
DA:51,6
DA:59,1
DA:69,0
DA:72,5
DA:74,5
DA:75,5
DA:76,5
DA:77,5
DA:81,4
DA:83,5
DA:84,5
DA:85,5
DA:86,5
DA:87,10
DA:88,5
DA:89,10
DA:90,15
DA:91,5
DA:97,3
DA:98,3
DA:99,4
DA:100,3
DA:105,3
DA:113,3
DA:117,3
DA:120,2
DA:128,1
DA:129,1
DA:130,2
DA:131,3
DA:134,0
DA:135,0
DA:137,2
DA:138,4
DA:140,2
DA:141,4
DA:142,2
DA:147,1
DA:149,1
DA:150,1
DA:152,2
DA:153,6
DA:155,3
DA:156,3
DA:157,5
DA:158,0
DA:160,0
DA:162,2
DA:164,2
DA:165,2
DA:166,3
DA:170,1
DA:173,1
DA:176,1
DA:178,1
DA:179,1
DA:180,4
DA:181,2
DA:182,2
DA:183,1
DA:184,1
DA:185,3
DA:190,1
DA:194,2
DA:195,1
DA:196,2
DA:197,1
LF:91
LH:86
end_of_record
SF:lib/base/long_press_fab.dart
DA:9,2
DA:17,2
DA:18,2
DA:32,2
DA:34,2
DA:35,4
DA:36,6
DA:39,1
DA:41,2
DA:42,1
DA:45,0
DA:46,0
DA:47,0
DA:50,0
DA:51,0
DA:52,0
DA:54,0
DA:55,0
DA:56,0
DA:57,0
DA:58,0
DA:59,0
DA:63,0
DA:64,0
DA:65,0
DA:67,0
DA:68,0
DA:71,1
DA:72,1
DA:73,2
DA:76,2
DA:78,4
DA:79,4
DA:81,2
DA:82,4
DA:83,2
DA:84,4
DA:85,2
DA:86,2
DA:87,2
DA:88,2
DA:89,2
DA:90,2
DA:91,2
DA:92,4
DA:93,6
DA:94,6
DA:95,2
DA:97,2
DA:99,0
DA:100,4
DA:101,2
DA:104,2
DA:105,2
DA:107,2
DA:108,2
DA:109,4
DA:111,0
DA:112,4
DA:114,2
DA:115,0
DA:116,0
DA:117,0
DA:118,0
DA:120,0
DA:121,0
LF:66
LH:41
end_of_record
SF:lib/database/database_helper.dart
DA:15,33
DA:17,11
DA:32,5
DA:34,0
DA:38,0
DA:39,0
DA:40,0
DA:41,0
DA:44,0
DA:45,0
DA:46,0
DA:47,0
DA:52,0
DA:53,0
DA:54,0
DA:57,0
DA:58,0
DA:61,0
DA:62,0
DA:66,11
DA:67,11
DA:75,11
DA:88,11
DA:96,11
DA:110,11
DA:118,11
DA:133,11
DA:142,11
DA:151,11
DA:165,11
DA:167,10
DA:168,11
DA:171,33
DA:172,0
DA:173,0
DA:174,22
DA:178,25
DA:180,5
DA:181,5
DA:182,5
DA:185,5
DA:187,5
DA:189,5
DA:191,5
DA:193,1
DA:196,0
DA:200,5
DA:202,5
DA:204,5
DA:206,5
DA:208,1
DA:211,0
DA:215,3
DA:216,3
DA:217,3
DA:218,3
DA:219,3
DA:220,3
DA:221,3
DA:222,3
DA:223,3
DA:224,3
DA:225,3
DA:228,0
DA:229,0
DA:230,0
DA:231,0
DA:232,0
DA:233,0
DA:234,0
DA:235,0
DA:236,0
DA:237,0
DA:238,0
DA:239,0
LF:75
LH:43
end_of_record
SF:lib/database/chatbot_dao.dart
DA:4,5
DA:5,5
DA:6,10
DA:9,5
DA:16,10
DA:21,0
DA:25,5
DA:26,5
DA:27,5
DA:34,4
DA:36,4
DA:37,4
DA:40,4
DA:46,1
DA:47,1
DA:48,1
DA:49,1
DA:52,0
DA:59,0
DA:60,0
DA:62,0
DA:66,0
DA:69,0
LF:23
LH:16
end_of_record
SF:lib/database/learning_dao.dart
DA:4,5
DA:5,5
DA:6,10
DA:9,5
DA:18,10
DA:29,5
DA:30,5
DA:31,5
DA:38,1
DA:39,1
DA:40,1
DA:43,1
DA:46,2
DA:49,5
DA:51,5
DA:52,5
DA:55,5
DA:61,1
DA:62,1
DA:63,1
DA:64,1
LF:21
LH:21
end_of_record
SF:lib/database/session_helper.dart
DA:4,3
DA:5,3
DA:6,3
DA:7,3
DA:8,6
DA:11,3
DA:12,3
DA:13,3
DA:14,3
DA:17,5
DA:19,5
DA:20,5
DA:21,10
DA:22,10
DA:25,5
DA:27,5
DA:28,5
DA:29,10
DA:30,10
DA:33,5
DA:34,5
DA:35,5
DA:36,5
DA:37,5
DA:38,5
DA:40,10
LF:26
LH:26
end_of_record
SF:lib/database/test_dao.dart
DA:4,5
DA:9,10
DA:10,5
DA:11,5
DA:12,10
DA:14,5
DA:18,5
DA:23,5
DA:24,10
DA:25,10
DA:29,10
DA:30,10
DA:32,5
DA:33,10
DA:34,5
DA:42,5
DA:44,5
DA:45,5
DA:48,5
DA:52,10
DA:56,5
DA:57,5
DA:58,5
DA:65,5
DA:68,0
DA:69,0
DA:70,0
DA:88,1
DA:89,1
DA:90,1
DA:91,1
LF:31
LH:28
end_of_record
SF:lib/database/translation_dao.dart
DA:4,5
DA:5,10
DA:8,5
DA:12,5
DA:19,10
DA:28,5
DA:29,5
DA:30,5
DA:37,4
DA:39,4
DA:40,4
DA:43,4
DA:49,2
DA:50,2
DA:51,2
DA:52,2
DA:55,0
DA:62,0
DA:63,0
DA:65,0
DA:72,0
LF:21
LH:16
end_of_record
SF:lib/learning/vocab_entry.dart
DA:11,6
DA:20,4
DA:21,4
DA:22,4
DA:23,4
DA:24,4
DA:25,4
DA:26,4
DA:27,4
DA:28,4
DA:32,2
DA:33,2
DA:34,4
DA:36,2
DA:37,4
DA:38,4
DA:39,2
DA:40,2
DA:41,4
DA:45,8
DA:47,2
DA:48,8
DA:49,2
DA:52,4
DA:53,4
DA:54,4
DA:55,8
DA:56,4
DA:57,4
DA:60,4
DA:66,4
LF:31
LH:31
end_of_record
SF:lib/learning_Test/learning_test.dart
DA:20,1
DA:31,1
DA:32,1
DA:43,1
DA:44,2
DA:46,1
DA:48,3
DA:49,3
DA:50,1
DA:51,2
DA:52,0
DA:53,0
DA:54,0
DA:55,0
DA:61,1
DA:64,1
DA:66,5
DA:68,1
DA:70,2
DA:71,0
DA:73,1
DA:74,2
DA:75,1
DA:76,1
DA:77,1
DA:78,1
DA:79,0
DA:80,0
DA:81,0
DA:82,0
DA:83,0
DA:86,2
DA:89,1
DA:92,0
DA:95,0
DA:98,0
DA:104,0
DA:106,0
DA:108,0
DA:110,0
DA:111,0
DA:112,0
DA:113,0
DA:118,1
DA:120,3
DA:121,1
DA:122,0
DA:124,1
DA:125,1
DA:127,1
DA:128,2
DA:130,1
DA:132,1
DA:135,1
DA:138,1
DA:141,2
DA:149,1
DA:150,1
DA:151,1
DA:152,1
DA:153,0
DA:157,0
DA:158,0
DA:159,0
DA:162,0
DA:164,0
DA:172,0
DA:173,0
DA:184,1
DA:186,1
DA:187,0
DA:198,1
DA:200,1
DA:201,1
DA:207,0
DA:208,0
DA:209,0
DA:210,0
DA:213,0
DA:215,0
DA:216,0
DA:217,0
DA:218,0
DA:219,0
DA:220,0
DA:221,0
DA:222,0
DA:228,0
DA:229,0
DA:232,0
DA:233,0
DA:234,0
DA:235,0
DA:236,0
DA:237,0
DA:238,0
DA:244,0
DA:247,0
DA:251,0
DA:253,0
DA:254,0
DA:255,0
DA:256,0
DA:257,0
DA:258,0
DA:265,0
DA:269,0
DA:275,0
DA:281,0
DA:283,0
DA:284,0
DA:285,0
DA:286,0
DA:287,0
DA:292,0
DA:293,0
DA:295,0
DA:296,0
DA:297,0
DA:298,0
DA:302,0
DA:303,0
DA:304,0
DA:305,0
DA:306,0
DA:307,0
DA:308,0
DA:311,0
DA:313,0
DA:315,0
DA:317,0
DA:318,0
DA:319,0
DA:321,0
DA:323,0
DA:324,0
DA:325,0
DA:327,0
DA:328,0
DA:329,0
DA:330,0
DA:331,0
DA:332,0
DA:336,0
DA:339,0
DA:340,0
DA:341,0
DA:342,0
DA:343,0
DA:348,0
DA:349,0
DA:350,0
DA:355,0
DA:356,0
DA:357,0
DA:358,0
DA:360,0
DA:364,0
DA:365,0
DA:366,0
DA:367,0
DA:375,0
DA:377,0
DA:378,0
DA:379,0
DA:383,0
DA:384,0
DA:385,0
DA:386,0
DA:387,0
LF:170
LH:44
end_of_record
SF:lib/model/model_response.dart
DA:20,0
DA:40,8
DA:48,2
DA:54,6
DA:57,8
DA:61,7
DA:62,8
DA:63,8
DA:65,0
DA:67,0
DA:69,1
DA:70,1
DA:71,2
DA:74,1
DA:75,3
DA:76,1
DA:77,3
DA:78,1
DA:82,1
DA:83,2
DA:84,1
DA:85,2
DA:88,0
DA:89,0
DA:90,0
DA:91,0
DA:95,1
DA:101,2
DA:102,6
DA:103,1
DA:104,1
DA:106,0
DA:111,0
DA:112,1
DA:113,1
DA:115,2
DA:118,1
DA:122,1
DA:127,1
DA:128,1
DA:129,1
DA:130,2
DA:131,2
DA:132,2
DA:136,2
DA:137,2
DA:138,2
DA:139,2
DA:140,3
DA:142,2
DA:143,1
DA:144,1
DA:145,1
DA:146,0
DA:148,2
DA:149,0
DA:153,1
DA:154,0
DA:155,0
DA:156,0
DA:157,0
DA:159,1
DA:160,2
DA:162,1
DA:163,1
DA:164,7
DA:165,2
DA:168,1
DA:169,1
DA:170,2
DA:171,2
DA:174,1
DA:175,0
DA:176,0
DA:177,0
DA:180,2
DA:183,1
DA:190,4
DA:192,2
DA:197,1
DA:199,1
DA:200,2
DA:201,2
DA:206,1
DA:207,2
DA:208,1
DA:209,1
DA:215,2
DA:216,2
DA:217,3
DA:220,1
DA:226,1
DA:227,2
DA:228,2
DA:235,1
DA:236,2
DA:237,1
DA:238,1
DA:241,1
DA:242,1
DA:248,0
DA:250,0
DA:253,0
DA:261,0
DA:270,0
DA:272,0
DA:274,0
DA:278,1
DA:280,2
DA:282,2
DA:284,2
DA:285,2
DA:287,2
DA:288,1
DA:289,1
DA:295,0
DA:296,0
DA:300,1
DA:304,0
DA:306,1
DA:308,2
DA:310,2
DA:312,2
DA:315,1
DA:317,1
DA:323,0
DA:324,0
DA:328,1
DA:332,0
DA:333,0
DA:335,1
DA:336,1
DA:337,2
LF:133
LH:101
end_of_record
SF:lib/model/gemma_model.dart
DA:18,1
DA:25,1
DA:27,1
DA:28,1
DA:29,1
DA:30,1
DA:31,1
DA:32,1
DA:33,4
DA:34,1
DA:35,1
DA:36,3
DA:38,1
DA:39,1
DA:40,3
DA:41,1
DA:42,3
DA:43,2
DA:54,1
DA:62,1
DA:64,1
DA:65,1
DA:66,1
DA:67,1
DA:68,1
DA:69,1
DA:70,4
DA:71,1
DA:72,3
DA:73,1
DA:75,1
DA:76,1
DA:77,3
DA:78,4
DA:79,1
DA:80,1
DA:81,3
DA:82,1
DA:83,1
DA:84,1
DA:85,1
DA:86,1
DA:87,1
DA:88,2
DA:96,1
DA:101,1
DA:104,2
DA:111,1
DA:112,1
DA:114,1
DA:119,2
DA:128,1
DA:134,1
DA:136,2
DA:137,1
DA:138,2
DA:140,2
DA:141,4
DA:147,2
DA:148,1
DA:149,1
DA:154,2
DA:172,1
DA:181,1
DA:183,1
DA:184,1
DA:186,2
DA:188,4
DA:189,3
DA:191,1
DA:192,2
DA:193,1
DA:196,2
DA:197,2
DA:198,2
DA:199,2
DA:200,2
DA:204,2
DA:206,2
DA:208,1
DA:210,2
DA:212,4
DA:213,3
DA:215,1
DA:216,2
DA:217,1
DA:220,2
DA:221,2
DA:222,2
DA:223,2
DA:224,2
DA:228,1
DA:230,2
DA:232,1
DA:234,2
DA:236,4
DA:237,3
DA:239,1
DA:240,1
DA:243,1
DA:244,1
DA:247,1
DA:248,1
DA:249,1
DA:253,2
DA:255,2
DA:263,1
DA:265,1
DA:267,1
DA:271,1
DA:311,0
DA:313,0
DA:314,0
DA:315,0
DA:324,0
DA:326,0
DA:334,0
DA:337,0
DA:344,0
DA:346,0
DA:349,0
DA:351,0
DA:352,0
DA:362,0
DA:365,0
DA:371,0
DA:372,0
DA:373,0
DA:375,0
DA:378,0
DA:383,0
DA:384,0
DA:386,0
DA:387,0
DA:390,0
DA:394,0
DA:396,0
DA:397,0
DA:398,0
DA:399,0
DA:402,0
DA:405,0
DA:411,0
DA:412,0
DA:413,0
DA:415,0
DA:417,0
DA:419,0
DA:420,0
DA:421,0
DA:422,0
DA:423,0
DA:424,0
DA:427,0
DA:429,0
DA:430,0
DA:431,0
DA:437,0
DA:439,0
DA:440,0
DA:441,0
DA:444,0
DA:446,0
DA:447,0
DA:448,0
DA:449,0
DA:457,0
DA:462,0
DA:464,0
DA:466,0
DA:470,0
DA:471,0
DA:474,0
DA:476,0
DA:477,0
DA:480,0
DA:481,0
DA:482,0
DA:484,0
DA:486,0
DA:487,0
DA:489,0
DA:490,0
DA:491,0
DA:497,0
DA:498,0
DA:500,0
DA:501,0
DA:502,0
DA:504,0
DA:506,0
DA:507,0
DA:509,0
DA:510,0
DA:511,0
DA:519,0
DA:525,0
DA:530,0
DA:537,0
DA:538,0
DA:540,0
DA:541,0
DA:544,0
DA:545,0
DA:546,0
DA:549,0
DA:557,0
DA:558,0
DA:565,0
DA:566,0
DA:567,0
DA:571,0
DA:573,0
DA:574,0
DA:579,0
DA:581,0
DA:583,0
DA:584,0
DA:588,0
DA:591,0
DA:592,0
DA:594,0
DA:596,0
DA:598,0
DA:600,0
DA:602,0
DA:603,0
DA:605,0
DA:606,0
DA:607,0
DA:610,0
DA:612,0
DA:613,0
DA:616,1
DA:617,1
DA:618,2
DA:620,1
DA:621,2
DA:622,2
DA:623,1
DA:624,1
DA:625,2
DA:626,3
DA:627,2
DA:628,1
DA:629,1
DA:630,1
DA:632,1
DA:634,2
DA:639,1
DA:643,3
DA:644,1
DA:645,2
DA:646,1
DA:647,1
DA:649,1
DA:650,1
DA:651,1
DA:652,1
DA:659,0
DA:668,0
DA:669,0
DA:670,0
DA:671,0
DA:677,0
DA:685,0
DA:686,0
DA:687,0
DA:690,1
DA:696,1
DA:697,3
DA:698,3
DA:699,1
DA:700,2
DA:701,1
DA:702,3
DA:703,4
DA:707,1
DA:710,1
DA:712,1
DA:714,1
DA:719,1
DA:721,1
DA:723,1
LF:284
LH:152
end_of_record
SF:lib/model/tts_model.dart
DA:20,0
DA:21,0
DA:22,0
DA:23,0
DA:24,0
DA:25,0
DA:26,0
DA:28,0
DA:31,0
DA:32,0
DA:33,0
DA:34,0
DA:35,0
DA:36,0
DA:37,0
DA:38,0
DA:39,0
DA:40,0
DA:41,0
DA:42,0
DA:45,0
DA:48,0
DA:49,0
DA:50,0
DA:51,0
DA:52,0
DA:53,0
DA:54,0
DA:55,0
DA:56,0
DA:57,0
DA:58,0
DA:60,0
DA:61,0
DA:62,0
DA:63,0
DA:64,0
DA:65,0
DA:66,0
DA:67,0
DA:69,0
DA:70,0
DA:71,0
DA:73,0
DA:74,0
DA:76,0
DA:77,0
DA:78,0
DA:84,0
DA:90,0
DA:92,0
DA:93,0
DA:96,0
DA:99,0
DA:100,0
DA:101,0
DA:102,0
DA:107,0
DA:110,1
DA:111,2
DA:112,3
DA:113,6
DA:118,1
DA:119,1
DA:121,1
DA:123,1
LF:66
LH:8
end_of_record
SF:lib/model/stt_model.dart
DA:22,0
DA:23,0
DA:24,0
DA:25,0
DA:26,0
DA:27,0
DA:28,0
DA:30,0
DA:33,0
DA:35,0
DA:38,0
DA:39,0
DA:40,0
DA:41,0
DA:42,0
DA:44,0
DA:45,0
DA:46,0
DA:47,0
DA:61,0
DA:62,0
DA:63,0
DA:76,0
DA:79,0
DA:83,0
DA:84,0
DA:86,0
DA:89,0
DA:90,0
DA:91,0
DA:93,0
DA:95,0
DA:96,0
DA:97,0
DA:98,0
DA:100,0
DA:101,0
DA:102,0
DA:103,0
DA:104,0
DA:106,0
DA:109,0
DA:113,0
DA:117,1
DA:119,2
DA:120,2
DA:123,4
DA:124,5
DA:125,6
DA:126,1
DA:131,3
DA:132,1
DA:133,1
DA:134,2
DA:135,5
DA:143,1
DA:145,1
LF:57
LH:14
end_of_record
SF:lib/translation/translation_block.dart
DA:22,2
DA:36,2
DA:37,2
DA:47,2
DA:49,6
DA:50,2
DA:51,2
DA:53,2
DA:55,2
DA:56,2
DA:59,2
DA:61,6
DA:62,6
DA:63,6
DA:66,0
DA:67,0
DA:68,0
DA:70,0
DA:71,0
DA:72,0
DA:73,0
DA:75,0
DA:76,0
DA:78,0
DA:82,0
DA:84,0
DA:86,0
DA:87,0
DA:88,0
DA:89,0
DA:92,0
DA:93,0
DA:94,0
DA:95,0
DA:96,0
DA:97,0
DA:99,0
DA:100,0
DA:103,0
DA:104,0
DA:107,0
DA:108,0
DA:109,0
DA:110,0
DA:111,0
DA:116,1
DA:118,3
DA:119,2
DA:120,1
DA:121,1
DA:125,4
DA:131,12
DA:132,6
DA:134,4
DA:138,2
DA:140,12
DA:141,6
DA:143,4
DA:145,2
DA:148,4
DA:150,2
DA:151,2
DA:152,0
DA:153,0
DA:154,0
DA:155,0
DA:156,0
DA:160,4
DA:162,2
DA:163,2
DA:164,0
DA:166,0
DA:167,0
DA:168,0
DA:169,0
DA:174,2
DA:176,2
DA:178,2
DA:179,4
DA:180,2
DA:181,2
DA:183,0
DA:184,0
DA:185,0
DA:186,0
DA:187,0
DA:189,0
DA:190,0
DA:191,0
DA:195,4
DA:200,2
DA:201,2
DA:202,0
DA:203,0
DA:204,0
DA:208,2
DA:210,2
DA:212,2
DA:217,2
DA:218,2
DA:219,2
DA:220,4
DA:223,2
DA:224,0
DA:234,2
DA:235,0
DA:236,8
DA:237,2
DA:238,4
DA:239,0
LF:110
LH:55
end_of_record
SF:lib/chatbot/chatbot_block.dart
DA:21,2
DA:34,2
DA:35,2
DA:46,2
DA:47,6
DA:49,6
DA:51,1
DA:52,1
DA:53,1
DA:56,0
DA:57,0
DA:58,0
DA:61,0
DA:62,0
DA:63,0
DA:65,0
DA:68,0
DA:69,0
DA:71,0
DA:72,0
DA:79,2
DA:81,6
DA:82,6
DA:83,6
DA:86,1
DA:88,1
DA:89,0
DA:90,0
DA:93,1
DA:94,2
DA:95,0
DA:96,0
DA:97,0
DA:98,0
DA:100,0
DA:104,0
DA:108,2
DA:114,2
DA:116,2
DA:118,2
DA:119,2
DA:120,2
DA:121,0
DA:122,0
DA:123,0
DA:127,2
DA:129,2
DA:130,2
DA:131,0
DA:132,0
DA:133,0
DA:134,0
DA:135,0
DA:140,2
DA:141,0
DA:142,0
DA:143,0
DA:144,0
DA:148,2
DA:149,0
DA:150,0
DA:151,0
DA:156,2
DA:158,0
DA:159,0
DA:160,0
DA:161,0
DA:162,0
DA:163,0
DA:164,0
DA:172,2
DA:174,2
DA:176,2
DA:181,10
LF:74
LH:33
end_of_record
SF:lib/utils/voice_recorder.dart
DA:10,4
DA:12,4
DA:13,4
DA:22,4
DA:24,8
DA:25,4
DA:28,0
DA:29,0
DA:30,0
DA:31,0
DA:34,0
DA:36,0
DA:37,0
DA:38,0
DA:39,0
DA:42,0
DA:43,0
DA:46,0
DA:47,0
DA:48,0
DA:49,0
DA:57,0
DA:62,4
DA:64,4
DA:65,4
DA:66,4
DA:67,8
DA:68,8
LF:28
LH:12
end_of_record
SF:lib/utils/image_pick.dart
DA:9,0
DA:11,0
DA:12,0
DA:13,0
DA:17,0
LF:5
LH:0
end_of_record
SF:lib/utils/audio_player.dart
DA:9,0
DA:11,0
DA:12,0
DA:20,0
DA:22,0
DA:23,0
DA:26,0
DA:28,0
DA:29,0
DA:30,0
DA:33,0
DA:34,0
DA:35,0
DA:36,0
DA:37,0
DA:40,0
DA:41,0
DA:42,0
DA:44,0
DA:45,0
DA:47,0
DA:48,0
DA:49,0
DA:52,0
DA:53,0
DA:54,0
DA:55,0
DA:56,0
DA:57,0
DA:60,0
DA:62,0
DA:63,0
DA:64,0
LF:33
LH:0
end_of_record
SF:lib/chatbot/chatbot.dart
DA:17,1
DA:27,1
DA:28,1
DA:36,1
DA:38,3
DA:39,1
DA:42,1
DA:43,2
DA:45,1
DA:47,3
DA:48,2
DA:49,1
DA:52,1
DA:55,2
DA:57,1
DA:58,0
DA:59,0
DA:61,0
DA:62,0
DA:63,0
DA:65,0
DA:67,0
DA:73,0
DA:74,0
DA:76,0
DA:82,1
DA:84,4
DA:85,2
DA:86,1
DA:87,2
DA:88,2
DA:89,1
DA:90,0
DA:91,1
DA:93,2
DA:94,1
DA:97,1
DA:98,0
DA:100,0
DA:101,0
DA:103,0
DA:105,0
DA:111,0
DA:112,0
DA:114,0
DA:118,1
DA:121,0
DA:127,0
DA:128,0
DA:130,0
DA:131,0
DA:132,0
DA:134,0
DA:136,0
DA:137,0
DA:141,0
DA:143,0
DA:145,0
DA:150,0
DA:153,0
DA:154,0
DA:158,0
DA:160,0
DA:162,0
DA:165,0
DA:166,0
DA:169,0
DA:170,0
DA:171,0
DA:172,0
DA:174,0
DA:175,0
DA:178,0
DA:179,0
DA:180,0
DA:181,0
DA:182,0
DA:183,0
DA:184,0
DA:187,0
DA:188,0
DA:189,0
DA:190,0
DA:191,0
DA:192,0
DA:193,0
DA:195,0
DA:196,0
DA:197,0
DA:198,0
DA:201,1
DA:202,1
DA:203,1
DA:204,0
DA:205,0
DA:206,0
DA:209,1
DA:210,2
DA:212,0
DA:214,0
DA:216,0
DA:217,0
DA:219,0
LF:103
LH:32
end_of_record
SF:lib/learning/learning.dart
DA:18,1
DA:27,1
DA:28,1
DA:42,1
DA:43,1
DA:44,0
DA:45,0
DA:46,0
DA:48,0
DA:49,0
DA:50,0
DA:53,0
DA:54,0
DA:55,0
DA:56,0
DA:59,0
DA:60,0
DA:61,0
DA:64,0
DA:68,1
DA:70,3
DA:71,2
DA:72,1
DA:73,3
DA:74,3
DA:76,1
DA:77,1
DA:78,0
DA:80,1
DA:82,1
DA:83,1
DA:84,1
DA:85,1
DA:86,1
DA:87,2
DA:88,2
DA:89,2
DA:92,0
DA:93,0
DA:94,0
DA:95,0
DA:99,1
DA:102,1
DA:104,5
DA:106,1
DA:108,2
DA:109,0
DA:111,1
DA:112,2
DA:113,1
DA:114,1
DA:115,1
DA:116,1
DA:117,1
DA:118,1
DA:119,1
DA:120,0
DA:121,0
DA:122,0
DA:123,0
DA:125,2
DA:128,1
DA:131,0
DA:134,0
DA:137,0
DA:143,0
DA:145,0
DA:147,0
DA:149,0
DA:150,0
DA:151,0
DA:152,0
DA:155,0
DA:158,1
DA:160,4
DA:161,1
DA:162,1
DA:163,0
DA:165,1
DA:166,1
DA:168,1
DA:169,1
DA:170,1
DA:172,1
DA:174,1
DA:177,1
DA:180,1
DA:184,2
DA:192,1
DA:193,1
DA:194,1
DA:195,1
DA:196,0
DA:224,1
DA:226,1
DA:227,0
DA:238,1
DA:239,1
DA:240,1
DA:246,0
DA:247,0
DA:248,0
DA:254,0
DA:255,0
DA:256,0
DA:261,0
DA:262,0
DA:263,0
DA:264,0
DA:265,0
DA:266,0
DA:272,0
DA:273,0
DA:274,0
DA:275,0
DA:276,0
DA:277,0
DA:281,0
DA:283,0
DA:284,0
DA:286,0
DA:288,0
DA:289,0
DA:290,0
DA:291,0
DA:292,0
DA:293,0
DA:294,0
DA:296,0
DA:299,0
DA:305,0
DA:306,0
DA:308,0
DA:310,0
DA:311,0
DA:312,0
DA:314,0
DA:315,0
DA:316,0
DA:318,0
DA:319,0
DA:320,0
DA:321,0
DA:322,0
DA:324,0
DA:325,0
DA:327,0
DA:330,0
DA:331,0
DA:332,0
DA:333,0
DA:334,0
DA:335,0
DA:337,0
DA:341,0
DA:342,0
DA:343,0
DA:347,0
DA:349,0
DA:350,0
DA:357,0
DA:358,0
DA:359,0
DA:363,0
DA:366,0
DA:367,0
DA:368,0
DA:369,0
LF:168
LH:61
end_of_record
SF:lib/learning/learning_vocab_block.dart
DA:17,2
DA:30,2
DA:31,2
DA:40,2
DA:42,2
DA:43,2
DA:44,2
DA:47,2
DA:50,0
DA:53,1
DA:55,3
DA:56,3
DA:57,3
DA:58,1
DA:59,3
DA:60,3
DA:61,1
DA:62,1
DA:65,0
DA:66,0
DA:67,0
DA:69,0
DA:70,0
DA:71,0
DA:73,0
DA:75,0
DA:79,2
DA:91,0
DA:92,2
DA:98,2
DA:100,4
DA:101,4
DA:103,2
DA:105,2
DA:106,8
DA:107,2
DA:109,2
DA:110,2
DA:111,2
DA:112,2
DA:113,0
DA:120,2
DA:123,2
DA:125,4
DA:126,4
DA:128,2
DA:130,2
DA:131,2
DA:132,6
DA:135,2
DA:136,8
DA:138,1
DA:139,2
DA:140,2
DA:143,2
DA:144,2
DA:145,2
DA:146,2
DA:147,2
DA:148,0
LF:60
LH:48
end_of_record
SF:lib/learning/learning_dialog.dart
DA:10,0
DA:17,0
DA:18,0
DA:27,0
DA:29,0
DA:30,0
DA:31,0
DA:32,0
DA:35,0
DA:37,0
DA:38,0
DA:41,0
DA:42,0
DA:43,0
DA:44,0
DA:45,0
DA:46,0
DA:51,0
DA:53,0
DA:55,0
DA:56,0
DA:57,0
DA:60,0
DA:61,0
DA:62,0
DA:68,0
DA:69,0
DA:74,0
DA:77,0
DA:78,0
DA:84,0
DA:85,0
DA:86,0
DA:87,0
DA:91,0
DA:92,0
DA:98,0
DA:99,0
DA:100,0
DA:101,0
DA:107,0
DA:108,0
DA:109,0
DA:113,0
DA:114,0
LF:45
LH:0
end_of_record
SF:lib/translation/translation.dart
DA:16,1
DA:25,1
DA:26,1
DA:33,0
DA:41,1
DA:44,1
DA:46,3
DA:47,1
DA:48,1
DA:51,1
DA:52,1
DA:53,1
DA:54,1
DA:55,1
DA:56,2
DA:57,2
DA:58,1
DA:59,1
DA:62,3
DA:63,1
DA:67,0
DA:68,0
DA:69,0
DA:70,0
DA:72,0
DA:74,0
DA:76,0
DA:78,0
DA:82,0
DA:83,0
DA:84,0
DA:85,0
DA:86,0
DA:87,0
DA:88,0
DA:91,0
DA:96,0
DA:97,0
DA:100,0
DA:105,0
DA:106,0
DA:107,0
DA:108,0
DA:111,0
DA:113,0
DA:114,0
DA:118,1
DA:119,3
DA:121,1
DA:123,1
DA:125,1
DA:126,1
DA:127,1
DA:128,0
DA:129,0
DA:131,0
DA:132,0
DA:134,0
DA:135,0
DA:136,0
DA:137,0
DA:138,0
DA:139,0
DA:143,2
DA:144,0
DA:145,0
DA:152,0
DA:153,0
DA:155,0
DA:158,0
DA:159,0
DA:166,1
DA:168,4
DA:169,2
DA:170,1
DA:171,2
DA:172,1
DA:174,2
DA:175,2
DA:177,1
DA:178,1
DA:179,1
DA:180,0
DA:182,0
DA:184,0
DA:185,0
DA:186,0
DA:187,0
DA:188,0
DA:189,0
DA:195,2
DA:196,0
DA:197,0
DA:204,0
DA:205,0
DA:207,0
DA:210,0
DA:211,0
DA:216,1
DA:219,0
DA:224,0
DA:225,0
DA:227,0
DA:228,0
DA:229,0
DA:230,0
DA:232,0
DA:234,0
DA:235,0
DA:238,0
DA:239,0
DA:240,0
DA:242,0
DA:246,0
DA:254,0
DA:255,0
DA:261,0
DA:264,0
DA:265,0
DA:271,1
DA:272,2
DA:274,0
DA:276,0
DA:278,0
DA:279,0
DA:281,0
LF:126
LH:42
end_of_record
SF:lib/settings/settings.dart
DA:13,1
DA:15,1
DA:16,1
DA:27,1
DA:29,1
DA:30,1
DA:33,1
DA:34,1
DA:35,1
DA:36,1
DA:38,1
DA:39,2
DA:40,2
DA:41,2
DA:42,1
DA:47,0
DA:48,0
DA:49,0
DA:50,0
DA:52,0
DA:54,0
DA:57,0
DA:58,0
DA:59,0
DA:60,0
DA:62,0
DA:63,0
DA:64,0
DA:67,0
DA:68,0
DA:69,0
DA:70,0
DA:71,0
DA:75,0
DA:76,0
DA:77,0
DA:81,0
DA:82,0
DA:83,0
DA:84,0
DA:85,0
DA:88,0
DA:90,0
DA:91,0
DA:92,0
DA:93,0
DA:94,0
DA:98,0
DA:99,0
DA:100,0
DA:107,0
DA:110,0
DA:112,0
DA:114,0
DA:115,0
DA:116,0
DA:117,0
DA:122,1
DA:124,1
DA:128,1
DA:130,1
DA:134,1
DA:137,3
DA:138,1
DA:140,1
DA:143,3
DA:144,1
DA:150,1
DA:154,0
DA:155,0
DA:156,0
DA:164,1
DA:167,0
DA:169,1
DA:172,0
DA:174,1
DA:177,0
DA:179,1
DA:182,0
DA:185,1
DA:187,1
DA:188,1
DA:189,1
DA:190,1
DA:191,0
DA:197,1
DA:198,1
DA:199,0
DA:215,0
DA:217,0
DA:219,0
DA:221,0
DA:223,0
DA:224,0
DA:226,0
DA:227,0
DA:228,0
DA:230,0
DA:231,0
DA:232,0
DA:233,0
DA:234,0
DA:235,0
DA:247,0
DA:249,0
DA:251,0
DA:252,0
DA:253,0
DA:256,0
DA:257,0
DA:258,0
DA:259,0
DA:260,0
DA:263,0
LF:114
LH:37
end_of_record
SF:lib/benchmark/benchmark_screen.dart
DA:9,0
DA:11,0
DA:12,0
DA:18,0
DA:19,0
DA:20,0
DA:21,0
DA:25,0
DA:26,0
DA:27,0
DA:38,0
DA:48,1
DA:50,0
DA:51,0
DA:63,0
DA:64,0
DA:66,0
DA:67,0
DA:68,0
DA:69,0
DA:70,0
DA:71,0
DA:72,0
DA:73,0
DA:76,0
DA:77,0
DA:78,0
DA:79,0
DA:80,0
DA:81,0
DA:84,0
DA:85,0
DA:87,0
DA:88,0
DA:90,0
DA:92,0
DA:95,0
DA:99,0
DA:100,0
DA:102,0
DA:103,0
DA:106,0
DA:107,0
DA:108,0
DA:111,0
DA:118,0
DA:119,0
DA:120,0
DA:121,0
DA:127,0
DA:128,0
DA:129,0
DA:130,0
DA:131,0
DA:136,0
DA:138,0
DA:140,0
DA:142,0
DA:144,0
DA:146,0
DA:148,0
DA:149,0
DA:150,0
DA:151,0
DA:156,0
DA:157,0
DA:158,0
DA:159,0
DA:160,0
DA:162,0
DA:166,0
DA:168,0
DA:169,0
DA:170,0
DA:171,0
DA:173,0
DA:174,0
DA:178,0
DA:179,0
DA:180,0
DA:181,0
DA:183,0
DA:184,0
DA:187,0
DA:188,0
DA:189,0
DA:192,0
DA:193,0
DA:194,0
DA:200,0
DA:201,0
DA:202,0
DA:204,0
DA:205,0
DA:206,0
DA:207,0
DA:209,0
DA:210,0
DA:211,0
DA:212,0
DA:220,0
DA:221,0
DA:222,0
DA:223,0
DA:225,0
DA:228,0
DA:230,0
DA:233,0
DA:240,0
DA:241,0
DA:242,0
DA:244,0
DA:245,0
DA:246,0
DA:247,0
DA:248,0
DA:249,0
DA:250,0
DA:251,0
DA:252,0
DA:253,0
DA:256,0
DA:277,0
DA:288,0
DA:290,0
DA:291,0
DA:292,0
DA:294,0
DA:296,0
DA:297,0
DA:298,0
DA:299,0
DA:300,0
DA:301,0
DA:302,0
DA:304,0
DA:305,0
DA:306,0
DA:310,0
DA:311,0
DA:312,0
DA:317,0
DA:318,0
DA:319,0
DA:320,0
DA:322,0
DA:323,0
DA:324,0
DA:325,0
DA:326,0
DA:327,0
DA:341,0
DA:343,0
DA:345,0
DA:347,0
DA:348,0
DA:349,0
DA:350,0
DA:351,0
DA:361,0
DA:363,0
DA:365,0
DA:366,0
DA:368,0
DA:370,0
DA:372,0
DA:373,0
DA:374,0
DA:375,0
DA:376,0
DA:377,0
DA:379,0
DA:380,0
DA:381,0
DA:386,0
DA:388,0
DA:389,0
DA:390,0
DA:395,0
DA:396,0
DA:397,0
DA:398,0
DA:399,0
LF:183
LH:1
end_of_record
SF:lib/benchmark/bleu_score.dart
DA:9,0
DA:11,0
DA:14,0
DA:15,0
DA:16,0
DA:17,0
DA:21,0
DA:22,0
DA:23,0
DA:24,0
DA:25,0
DA:28,0
DA:29,0
DA:30,0
DA:31,0
DA:32,0
DA:37,0
DA:42,0
DA:43,0
DA:44,0
DA:49,0
DA:50,0
DA:51,0
DA:53,0
DA:54,0
DA:55,0
DA:56,0
DA:59,0
DA:62,0
DA:63,0
DA:64,0
DA:65,0
DA:68,0
DA:70,0
DA:71,0
DA:72,0
DA:75,0
DA:81,0
DA:82,0
DA:84,0
DA:85,0
DA:87,0
DA:88,0
DA:90,0
DA:93,0
DA:94,0
DA:95,0
DA:96,0
DA:99,0
DA:102,0
DA:109,0
DA:113,0
DA:114,0
DA:118,0
DA:119,0
DA:121,0
DA:123,0
DA:124,0
DA:126,0
DA:127,0
DA:128,0
DA:130,0
DA:131,0
DA:132,0
DA:139,0
DA:140,0
DA:141,0
DA:142,0
DA:143,0
DA:146,0
DA:148,0
DA:149,0
DA:152,0
DA:153,0
LF:74
LH:0
end_of_record
SF:lib/benchmark/bleu_dataset.dart
DA:7,1
LF:1
LH:1
end_of_record
SF:lib/utils/confirm_dialog.dart
DA:3,0
DA:9,0
DA:11,0
DA:12,0
DA:13,0
DA:14,0
DA:15,0
DA:16,0
DA:19,0
DA:20,0
DA:21,0
LF:11
LH:0
end_of_record
